SF:lib/date_range_calendar.dart
DA:22,1
DA:27,1
DA:29,1
DA:31,1
DA:32,1
DA:33,1
DA:34,1
LF:7
LH:7
end_of_record
SF:lib/src/data/calendar_setup_data.dart
DA:7,2
DA:29,2
DA:61,2
DA:78,0
DA:95,3
LF:5
LH:4
end_of_record
SF:lib/src/view/calendar_outline.dart
DA:8,1
DA:14,1
DA:21,1
DA:22,1
DA:30,1
DA:32,1
DA:33,3
DA:34,0
DA:36,4
DA:38,1
DA:39,1
DA:40,1
DA:43,1
DA:45,6
DA:47,3
DA:48,1
DA:50,1
DA:52,2
DA:53,1
DA:55,1
DA:57,1
DA:58,1
DA:59,1
DA:60,1
DA:62,1
DA:65,1
DA:66,2
DA:67,1
DA:69,1
DA:70,1
DA:72,1
DA:79,1
DA:80,2
DA:81,2
DA:82,1
DA:83,1
DA:84,1
DA:85,2
DA:93,0
DA:94,0
DA:96,0
DA:98,0
DA:99,0
DA:101,0
DA:104,0
DA:105,0
DA:106,0
DA:107,0
DA:109,0
DA:112,0
DA:113,0
DA:114,0
DA:116,0
DA:122,0
DA:123,0
DA:124,0
DA:125,0
DA:126,0
DA:127,0
DA:128,0
DA:131,0
DA:132,0
DA:133,0
DA:134,0
DA:135,0
DA:138,0
DA:139,0
DA:141,0
DA:149,0
DA:150,0
DA:151,0
DA:152,0
DA:153,0
DA:154,0
DA:155,0
DA:163,0
DA:166,0
DA:167,0
DA:168,0
DA:169,0
DA:170,0
DA:173,0
DA:174,0
DA:177,0
DA:178,0
DA:181,0
DA:182,0
DA:183,0
DA:186,0
DA:187,0
DA:192,0
DA:193,0
DA:194,0
DA:197,1
DA:198,1
DA:200,1
DA:201,0
DA:202,0
DA:203,0
DA:206,1
DA:220,1
DA:221,1
DA:223,1
DA:224,0
DA:225,0
DA:227,0
DA:228,0
DA:231,1
LF:108
LH:45
end_of_record
SF:lib/src/core/util.dart
DA:3,1
DA:4,1
DA:5,1
DA:6,2
DA:7,0
DA:8,0
DA:9,0
DA:10,0
DA:11,0
DA:12,0
DA:13,0
DA:14,0
DA:15,0
DA:16,0
DA:17,0
DA:18,0
DA:19,0
DA:20,0
DA:21,0
DA:22,0
DA:23,0
DA:24,0
DA:25,0
DA:26,0
DA:27,0
DA:28,0
LF:26
LH:4
end_of_record
SF:lib/src/view/calendar_day.dart
DA:5,2
DA:10,0
DA:18,1
DA:20,1
DA:29,1
DA:39,1
DA:50,1
DA:52,2
DA:56,1
DA:57,1
DA:58,1
DA:63,4
DA:64,4
DA:65,1
DA:66,1
DA:67,1
DA:71,1
DA:72,0
DA:73,0
DA:75,1
DA:76,1
DA:79,0
DA:81,1
DA:88,1
DA:89,0
DA:90,1
DA:92,1
DA:94,1
DA:95,3
DA:96,1
DA:97,2
LF:31
LH:26
end_of_record
SF:lib/src/view/dates_outline.dart
DA:7,1
DA:15,1
DA:24,1
DA:26,1
DA:28,1
DA:29,1
DA:30,1
DA:32,1
DA:33,4
DA:34,4
DA:35,4
DA:36,4
DA:37,4
DA:38,4
DA:39,4
DA:44,1
DA:45,1
DA:46,1
DA:47,1
DA:48,1
DA:49,1
DA:50,1
LF:22
LH:22
end_of_record
SF:lib/src/view/month_title.dart
DA:7,1
DA:11,1
DA:16,1
DA:18,3
DA:19,2
DA:20,2
DA:24,3
DA:25,0
DA:28,3
DA:29,1
DA:32,1
DA:34,1
LF:12
LH:11
end_of_record
SF:lib/src/view/dates_in_month.dart
DA:6,1
DA:14,1
DA:23,1
DA:25,3
DA:26,1
DA:35,1
DA:41,1
DA:42,2
DA:43,2
DA:46,4
DA:52,3
DA:54,1
DA:55,0
DA:56,0
DA:59,2
DA:61,1
DA:62,1
DA:64,2
DA:66,2
DA:68,3
DA:69,3
DA:70,0
DA:71,1
DA:72,1
DA:76,1
DA:82,1
DA:88,4
DA:90,2
DA:91,1
DA:93,1
DA:98,1
DA:103,2
DA:104,1
LF:33
LH:30
end_of_record
SF:lib/src/view/day_of_the_week.dart
DA:4,2
DA:8,1
DA:10,1
DA:12,1
DA:13,1
LF:5
LH:5
end_of_record
